Analysis & Synthesis report for alu
Thu Nov 19 17:12:27 2020
Quartus Prime Version 18.1.0 Build 625 09/12/2018 SJ Lite Edition


---------------------
; Table of Contents ;
---------------------
  1. Legal Notice
  2. Analysis & Synthesis Summary
  3. Analysis & Synthesis Settings
  4. Parallel Compilation
  5. Analysis & Synthesis Source Files Read
  6. Analysis & Synthesis Resource Usage Summary
  7. Analysis & Synthesis Resource Utilization by Entity
  8. User-Specified and Inferred Latches
  9. General Register Statistics
 10. Multiplexer Restructuring Statistics (Restructuring Performed)
 11. Port Connectivity Checks: "mux:mux"
 12. Post-Synthesis Netlist Statistics for Top Partition
 13. Elapsed Time Per Partition
 14. Analysis & Synthesis Messages



----------------
; Legal Notice ;
----------------
Copyright (C) 2018  Intel Corporation. All rights reserved.
Your use of Intel Corporation's design tools, logic functions 
and other software and tools, and its AMPP partner logic 
functions, and any output files from any of the foregoing 
(including device programming or simulation files), and any 
associated documentation or information are expressly subject 
to the terms and conditions of the Intel Program License 
Subscription Agreement, the Intel Quartus Prime License Agreement,
the Intel FPGA IP License Agreement, or other applicable license
agreement, including, without limitation, that your use is for
the sole purpose of programming logic devices manufactured by
Intel and sold by Intel or its authorized distributors.  Please
refer to the applicable agreement for further details.



+----------------------------------------------------------------------------------+
; Analysis & Synthesis Summary                                                     ;
+------------------------------------+---------------------------------------------+
; Analysis & Synthesis Status        ; Successful - Thu Nov 19 17:12:27 2020       ;
; Quartus Prime Version              ; 18.1.0 Build 625 09/12/2018 SJ Lite Edition ;
; Revision Name                      ; alu                                         ;
; Top-level Entity Name              ; alu                                         ;
; Family                             ; MAX 10                                      ;
; Total logic elements               ; 190                                         ;
;     Total combinational functions  ; 190                                         ;
;     Dedicated logic registers      ; 0                                           ;
; Total registers                    ; 0                                           ;
; Total pins                         ; 106                                         ;
; Total virtual pins                 ; 0                                           ;
; Total memory bits                  ; 0                                           ;
; Embedded Multiplier 9-bit elements ; 0                                           ;
; Total PLLs                         ; 0                                           ;
; UFM blocks                         ; 0                                           ;
; ADC blocks                         ; 0                                           ;
+------------------------------------+---------------------------------------------+


+------------------------------------------------------------------------------------------------------------+
; Analysis & Synthesis Settings                                                                              ;
+------------------------------------------------------------------+--------------------+--------------------+
; Option                                                           ; Setting            ; Default Value      ;
+------------------------------------------------------------------+--------------------+--------------------+
; Device                                                           ; 10M50DAF484C7G     ;                    ;
; Top-level entity name                                            ; alu                ; alu                ;
; Family name                                                      ; MAX 10             ; Cyclone V          ;
; Use smart compilation                                            ; Off                ; Off                ;
; Enable parallel Assembler and Timing Analyzer during compilation ; On                 ; On                 ;
; Enable compact report table                                      ; Off                ; Off                ;
; Restructure Multiplexers                                         ; Auto               ; Auto               ;
; Create Debugging Nodes for IP Cores                              ; Off                ; Off                ;
; Preserve fewer node names                                        ; On                 ; On                 ;
; Intel FPGA IP Evaluation Mode                                    ; Enable             ; Enable             ;
; Verilog Version                                                  ; Verilog_2001       ; Verilog_2001       ;
; VHDL Version                                                     ; VHDL_1993          ; VHDL_1993          ;
; State Machine Processing                                         ; Auto               ; Auto               ;
; Safe State Machine                                               ; Off                ; Off                ;
; Extract Verilog State Machines                                   ; On                 ; On                 ;
; Extract VHDL State Machines                                      ; On                 ; On                 ;
; Ignore Verilog initial constructs                                ; Off                ; Off                ;
; Iteration limit for constant Verilog loops                       ; 5000               ; 5000               ;
; Iteration limit for non-constant Verilog loops                   ; 250                ; 250                ;
; Add Pass-Through Logic to Inferred RAMs                          ; On                 ; On                 ;
; Infer RAMs from Raw Logic                                        ; On                 ; On                 ;
; Parallel Synthesis                                               ; On                 ; On                 ;
; DSP Block Balancing                                              ; Auto               ; Auto               ;
; NOT Gate Push-Back                                               ; On                 ; On                 ;
; Power-Up Don't Care                                              ; On                 ; On                 ;
; Remove Redundant Logic Cells                                     ; Off                ; Off                ;
; Remove Duplicate Registers                                       ; On                 ; On                 ;
; Ignore CARRY Buffers                                             ; Off                ; Off                ;
; Ignore CASCADE Buffers                                           ; Off                ; Off                ;
; Ignore GLOBAL Buffers                                            ; Off                ; Off                ;
; Ignore ROW GLOBAL Buffers                                        ; Off                ; Off                ;
; Ignore LCELL Buffers                                             ; Off                ; Off                ;
; Ignore SOFT Buffers                                              ; On                 ; On                 ;
; Limit AHDL Integers to 32 Bits                                   ; Off                ; Off                ;
; Optimization Technique                                           ; Balanced           ; Balanced           ;
; Carry Chain Length                                               ; 70                 ; 70                 ;
; Auto Carry Chains                                                ; On                 ; On                 ;
; Auto Open-Drain Pins                                             ; On                 ; On                 ;
; Perform WYSIWYG Primitive Resynthesis                            ; Off                ; Off                ;
; Auto ROM Replacement                                             ; On                 ; On                 ;
; Auto RAM Replacement                                             ; On                 ; On                 ;
; Auto DSP Block Replacement                                       ; On                 ; On                 ;
; Auto Shift Register Replacement                                  ; Auto               ; Auto               ;
; Allow Shift Register Merging across Hierarchies                  ; Auto               ; Auto               ;
; Auto Clock Enable Replacement                                    ; On                 ; On                 ;
; Strict RAM Replacement                                           ; Off                ; Off                ;
; Allow Synchronous Control Signals                                ; On                 ; On                 ;
; Force Use of Synchronous Clear Signals                           ; Off                ; Off                ;
; Auto RAM Block Balancing                                         ; On                 ; On                 ;
; Auto RAM to Logic Cell Conversion                                ; Off                ; Off                ;
; Auto Resource Sharing                                            ; Off                ; Off                ;
; Allow Any RAM Size For Recognition                               ; Off                ; Off                ;
; Allow Any ROM Size For Recognition                               ; Off                ; Off                ;
; Allow Any Shift Register Size For Recognition                    ; Off                ; Off                ;
; Use LogicLock Constraints during Resource Balancing              ; On                 ; On                 ;
; Ignore translate_off and synthesis_off directives                ; Off                ; Off                ;
; Timing-Driven Synthesis                                          ; On                 ; On                 ;
; Report Parameter Settings                                        ; On                 ; On                 ;
; Report Source Assignments                                        ; On                 ; On                 ;
; Report Connectivity Checks                                       ; On                 ; On                 ;
; Ignore Maximum Fan-Out Assignments                               ; Off                ; Off                ;
; Synchronization Register Chain Length                            ; 2                  ; 2                  ;
; Power Optimization During Synthesis                              ; Normal compilation ; Normal compilation ;
; HDL message level                                                ; Level2             ; Level2             ;
; Suppress Register Optimization Related Messages                  ; Off                ; Off                ;
; Number of Removed Registers Reported in Synthesis Report         ; 5000               ; 5000               ;
; Number of Swept Nodes Reported in Synthesis Report               ; 5000               ; 5000               ;
; Number of Inverted Registers Reported in Synthesis Report        ; 100                ; 100                ;
; Clock MUX Protection                                             ; On                 ; On                 ;
; Auto Gated Clock Conversion                                      ; Off                ; Off                ;
; Block Design Naming                                              ; Auto               ; Auto               ;
; SDC constraint protection                                        ; Off                ; Off                ;
; Synthesis Effort                                                 ; Auto               ; Auto               ;
; Shift Register Replacement - Allow Asynchronous Clear Signal     ; On                 ; On                 ;
; Pre-Mapping Resynthesis Optimization                             ; Off                ; Off                ;
; Analysis & Synthesis Message Level                               ; Medium             ; Medium             ;
; Disable Register Merging Across Hierarchies                      ; Auto               ; Auto               ;
; Resource Aware Inference For Block RAM                           ; On                 ; On                 ;
+------------------------------------------------------------------+--------------------+--------------------+


+------------------------------------------+
; Parallel Compilation                     ;
+----------------------------+-------------+
; Processors                 ; Number      ;
+----------------------------+-------------+
; Number detected on machine ; 12          ;
; Maximum allowed            ; 6           ;
;                            ;             ;
; Average used               ; 1.00        ;
; Maximum used               ; 1           ;
;                            ;             ;
; Usage by Processor         ; % Time Used ;
;     Processor 1            ; 100.0%      ;
+----------------------------+-------------+


+-----------------------------------------------------------------------------------------------------------------------+
; Analysis & Synthesis Source Files Read                                                                                ;
+----------------------------------+-----------------+------------------------+-------------------------------+---------+
; File Name with User-Entered Path ; Used in Netlist ; File Type              ; File Name with Absolute Path  ; Library ;
+----------------------------------+-----------------+------------------------+-------------------------------+---------+
; alu.v                            ; yes             ; User Verilog HDL File  ; G:/CA labs/Week 12/ex_1/alu.v ;         ;
; add.v                            ; yes             ; User Verilog HDL File  ; G:/CA labs/Week 12/ex_1/add.v ;         ;
; mux.v                            ; yes             ; User Verilog HDL File  ; G:/CA labs/Week 12/ex_1/mux.v ;         ;
; srl.v                            ; yes             ; User Verilog HDL File  ; G:/CA labs/Week 12/ex_1/srl.v ;         ;
; sub.v                            ; yes             ; User Verilog HDL File  ; G:/CA labs/Week 12/ex_1/sub.v ;         ;
+----------------------------------+-----------------+------------------------+-------------------------------+---------+


+--------------------------------------------------------------+
; Analysis & Synthesis Resource Usage Summary                  ;
+---------------------------------------------+----------------+
; Resource                                    ; Usage          ;
+---------------------------------------------+----------------+
; Estimated Total logic elements              ; 190            ;
;                                             ;                ;
; Total combinational functions               ; 190            ;
; Logic element usage by number of LUT inputs ;                ;
;     -- 4 input functions                    ; 77             ;
;     -- 3 input functions                    ; 104            ;
;     -- <=2 input functions                  ; 9              ;
;                                             ;                ;
; Logic elements by mode                      ;                ;
;     -- normal mode                          ; 190            ;
;     -- arithmetic mode                      ; 0              ;
;                                             ;                ;
; Total registers                             ; 0              ;
;     -- Dedicated logic registers            ; 0              ;
;     -- I/O registers                        ; 0              ;
;                                             ;                ;
; I/O pins                                    ; 106            ;
;                                             ;                ;
; Embedded Multiplier 9-bit elements          ; 0              ;
;                                             ;                ;
; Maximum fan-out node                        ; shamt[2]~input ;
; Maximum fan-out                             ; 47             ;
; Total fan-out                               ; 776            ;
; Average fan-out                             ; 1.93           ;
+---------------------------------------------+----------------+


+------------------------------------------------------------------------------------------------------------------------------------------------------------------------------------------------------------------------------------+
; Analysis & Synthesis Resource Utilization by Entity                                                                                                                                                                                ;
+----------------------------+---------------------+---------------------------+-------------+------------+--------------+---------+-----------+------+--------------+------------+---------------------+-------------+--------------+
; Compilation Hierarchy Node ; Combinational ALUTs ; Dedicated Logic Registers ; Memory Bits ; UFM Blocks ; DSP Elements ; DSP 9x9 ; DSP 18x18 ; Pins ; Virtual Pins ; ADC blocks ; Full Hierarchy Name ; Entity Name ; Library Name ;
+----------------------------+---------------------+---------------------------+-------------+------------+--------------+---------+-----------+------+--------------+------------+---------------------+-------------+--------------+
; |alu                       ; 190 (0)             ; 0 (0)                     ; 0           ; 0          ; 0            ; 0       ; 0         ; 106  ; 0            ; 0          ; |alu                ; alu         ; work         ;
;    |mux:mux|               ; 34 (34)             ; 0 (0)                     ; 0           ; 0          ; 0            ; 0       ; 0         ; 0    ; 0            ; 0          ; |alu|mux:mux        ; mux         ; work         ;
;    |srl:srl|               ; 156 (156)           ; 0 (0)                     ; 0           ; 0          ; 0            ; 0       ; 0         ; 0    ; 0            ; 0          ; |alu|srl:srl        ; srl         ; work         ;
+----------------------------+---------------------+---------------------------+-------------+------------+--------------+---------+-----------+------+--------------+------------+---------------------+-------------+--------------+
Note: For table entries with two numbers listed, the numbers in parentheses indicate the number of resources of the given type used by the specific entity alone. The numbers listed outside of parentheses indicate the total resources of the given type used by the specific entity and all of its sub-entities in the hierarchy.


+----------------------------------------------------------------------------------------------------+
; User-Specified and Inferred Latches                                                                ;
+-----------------------------------------------------+---------------------+------------------------+
; Latch Name                                          ; Latch Enable Signal ; Free of Timing Hazards ;
+-----------------------------------------------------+---------------------+------------------------+
; mux:mux|out[0]                                      ; mux:mux|Decoder0    ; yes                    ;
; mux:mux|out[1]                                      ; mux:mux|Decoder0    ; yes                    ;
; mux:mux|out[2]                                      ; mux:mux|Decoder0    ; yes                    ;
; mux:mux|out[3]                                      ; mux:mux|Decoder0    ; yes                    ;
; mux:mux|out[4]                                      ; mux:mux|Decoder0    ; yes                    ;
; mux:mux|out[5]                                      ; mux:mux|Decoder0    ; yes                    ;
; mux:mux|out[6]                                      ; mux:mux|Decoder0    ; yes                    ;
; mux:mux|out[7]                                      ; mux:mux|Decoder0    ; yes                    ;
; mux:mux|out[8]                                      ; mux:mux|Decoder0    ; yes                    ;
; mux:mux|out[9]                                      ; mux:mux|Decoder0    ; yes                    ;
; mux:mux|out[10]                                     ; mux:mux|Decoder0    ; yes                    ;
; mux:mux|out[11]                                     ; mux:mux|Decoder0    ; yes                    ;
; mux:mux|out[12]                                     ; mux:mux|Decoder0    ; yes                    ;
; mux:mux|out[13]                                     ; mux:mux|Decoder0    ; yes                    ;
; mux:mux|out[14]                                     ; mux:mux|Decoder0    ; yes                    ;
; mux:mux|out[15]                                     ; mux:mux|Decoder0    ; yes                    ;
; mux:mux|out[16]                                     ; mux:mux|Decoder0    ; yes                    ;
; mux:mux|out[17]                                     ; mux:mux|Decoder0    ; yes                    ;
; mux:mux|out[18]                                     ; mux:mux|Decoder0    ; yes                    ;
; mux:mux|out[19]                                     ; mux:mux|Decoder0    ; yes                    ;
; mux:mux|out[20]                                     ; mux:mux|Decoder0    ; yes                    ;
; mux:mux|out[21]                                     ; mux:mux|Decoder0    ; yes                    ;
; mux:mux|out[22]                                     ; mux:mux|Decoder0    ; yes                    ;
; mux:mux|out[23]                                     ; mux:mux|Decoder0    ; yes                    ;
; mux:mux|out[24]                                     ; mux:mux|Decoder0    ; yes                    ;
; mux:mux|out[25]                                     ; mux:mux|Decoder0    ; yes                    ;
; mux:mux|out[26]                                     ; mux:mux|Decoder0    ; yes                    ;
; mux:mux|out[27]                                     ; mux:mux|Decoder0    ; yes                    ;
; mux:mux|out[28]                                     ; mux:mux|Decoder0    ; yes                    ;
; mux:mux|out[29]                                     ; mux:mux|Decoder0    ; yes                    ;
; mux:mux|out[30]                                     ; mux:mux|Decoder0    ; yes                    ;
; mux:mux|out[31]                                     ; mux:mux|Decoder0    ; yes                    ;
; Number of user-specified and inferred latches = 32  ;                     ;                        ;
+-----------------------------------------------------+---------------------+------------------------+
Note: All latches listed above may not be present at the end of synthesis due to various synthesis optimizations.


+------------------------------------------------------+
; General Register Statistics                          ;
+----------------------------------------------+-------+
; Statistic                                    ; Value ;
+----------------------------------------------+-------+
; Total registers                              ; 0     ;
; Number of registers using Synchronous Clear  ; 0     ;
; Number of registers using Synchronous Load   ; 0     ;
; Number of registers using Asynchronous Clear ; 0     ;
; Number of registers using Asynchronous Load  ; 0     ;
; Number of registers using Clock Enable       ; 0     ;
; Number of registers using Preset             ; 0     ;
+----------------------------------------------+-------+


+------------------------------------------------------------------------------------------------------------------------------------------+
; Multiplexer Restructuring Statistics (Restructuring Performed)                                                                           ;
+--------------------+-----------+---------------+----------------------+------------------------+------------+----------------------------+
; Multiplexer Inputs ; Bus Width ; Baseline Area ; Area if Restructured ; Saving if Restructured ; Registered ; Example Multiplexer Output ;
+--------------------+-----------+---------------+----------------------+------------------------+------------+----------------------------+
; 3:1                ; 8 bits    ; 16 LEs        ; 16 LEs               ; 0 LEs                  ; No         ; |alu|srl:srl|ShiftRight0   ;
; 4:1                ; 4 bits    ; 8 LEs         ; 8 LEs                ; 0 LEs                  ; No         ; |alu|srl:srl|ShiftRight0   ;
; 5:1                ; 2 bits    ; 6 LEs         ; 6 LEs                ; 0 LEs                  ; No         ; |alu|srl:srl|ShiftRight0   ;
; 6:1                ; 2 bits    ; 8 LEs         ; 8 LEs                ; 0 LEs                  ; No         ; |alu|srl:srl|ShiftRight0   ;
+--------------------+-----------+---------------+----------------------+------------------------+------------+----------------------------+


+---------------------------------------------------------------------------------------------------------------------------------------------------------------------+
; Port Connectivity Checks: "mux:mux"                                                                                                                                 ;
+------+-------+----------+-------------------------------------------------------------------------------------------------------------------------------------------+
; Port ; Type  ; Severity ; Details                                                                                                                                   ;
+------+-------+----------+-------------------------------------------------------------------------------------------------------------------------------------------+
; d    ; Input ; Warning  ; Input port expression (5 bits) is smaller than the input port (7 bits) it drives.  Extra input bit(s) "d[6..5]" will be connected to GND. ;
+------+-------+----------+-------------------------------------------------------------------------------------------------------------------------------------------+


+-----------------------------------------------------+
; Post-Synthesis Netlist Statistics for Top Partition ;
+-----------------------+-----------------------------+
; Type                  ; Count                       ;
+-----------------------+-----------------------------+
; boundary_port         ; 106                         ;
; cycloneiii_lcell_comb ; 190                         ;
;     normal            ; 190                         ;
;         2 data inputs ; 9                           ;
;         3 data inputs ; 104                         ;
;         4 data inputs ; 77                          ;
;                       ;                             ;
; Max LUT depth         ; 6.00                        ;
; Average LUT depth     ; 4.92                        ;
+-----------------------+-----------------------------+


+-------------------------------+
; Elapsed Time Per Partition    ;
+----------------+--------------+
; Partition Name ; Elapsed Time ;
+----------------+--------------+
; Top            ; 00:00:00     ;
+----------------+--------------+


+-------------------------------+
; Analysis & Synthesis Messages ;
+-------------------------------+
Info: *******************************************************************
Info: Running Quartus Prime Analysis & Synthesis
    Info: Version 18.1.0 Build 625 09/12/2018 SJ Lite Edition
    Info: Processing started: Thu Nov 19 17:12:18 2020
Info: Command: quartus_map --read_settings_files=on --write_settings_files=off alu -c alu
Warning (18236): Number of processors has not been specified which may cause overloading on shared machines.  Set the global assignment NUM_PARALLEL_PROCESSORS in your QSF to an appropriate value for best performance.
Info (20030): Parallel compilation is enabled and will use 6 of the 6 processors detected
Info (12021): Found 1 design units, including 1 entities, in source file alu.v
    Info (12023): Found entity 1: alu File: G:/CA labs/Week 12/ex_1/alu.v Line: 1
Info (12021): Found 1 design units, including 1 entities, in source file add.v
    Info (12023): Found entity 1: add File: G:/CA labs/Week 12/ex_1/add.v Line: 1
Warning (12090): Entity "mux" obtained from "mux.v" instead of from Quartus Prime megafunction library File: G:/CA labs/Week 12/ex_1/mux.v Line: 1
Info (12021): Found 1 design units, including 1 entities, in source file mux.v
    Info (12023): Found entity 1: mux File: G:/CA labs/Week 12/ex_1/mux.v Line: 1
Info (12021): Found 1 design units, including 1 entities, in source file srl.v
    Info (12023): Found entity 1: srl File: G:/CA labs/Week 12/ex_1/srl.v Line: 1
Info (12021): Found 1 design units, including 1 entities, in source file sub.v
    Info (12023): Found entity 1: sub File: G:/CA labs/Week 12/ex_1/sub.v Line: 1
Info (12021): Found 1 design units, including 1 entities, in source file alu_testbench.v
    Info (12023): Found entity 1: alu_testbench File: G:/CA labs/Week 12/ex_1/alu_testbench.v Line: 1
Info (12127): Elaborating entity "alu" for the top level hierarchy
Info (12128): Elaborating entity "add" for hierarchy "add:add" File: G:/CA labs/Week 12/ex_1/alu.v Line: 10
Info (12128): Elaborating entity "sub" for hierarchy "sub:sub" File: G:/CA labs/Week 12/ex_1/alu.v Line: 11
Info (12128): Elaborating entity "srl" for hierarchy "srl:srl" File: G:/CA labs/Week 12/ex_1/alu.v Line: 12
Info (12128): Elaborating entity "mux" for hierarchy "mux:mux" File: G:/CA labs/Week 12/ex_1/alu.v Line: 13
Warning (10270): Verilog HDL Case Statement warning at mux.v(8): incomplete case statement has no default case item File: G:/CA labs/Week 12/ex_1/mux.v Line: 8
Warning (10240): Verilog HDL Always Construct warning at mux.v(7): inferring latch(es) for variable "out", which holds its previous value in one or more paths through the always construct File: G:/CA labs/Week 12/ex_1/mux.v Line: 7
Info (10041): Inferred latch for "out[0]" at mux.v(7) File: G:/CA labs/Week 12/ex_1/mux.v Line: 7
Info (10041): Inferred latch for "out[1]" at mux.v(7) File: G:/CA labs/Week 12/ex_1/mux.v Line: 7
Info (10041): Inferred latch for "out[2]" at mux.v(7) File: G:/CA labs/Week 12/ex_1/mux.v Line: 7
Info (10041): Inferred latch for "out[3]" at mux.v(7) File: G:/CA labs/Week 12/ex_1/mux.v Line: 7
Info (10041): Inferred latch for "out[4]" at mux.v(7) File: G:/CA labs/Week 12/ex_1/mux.v Line: 7
Info (10041): Inferred latch for "out[5]" at mux.v(7) File: G:/CA labs/Week 12/ex_1/mux.v Line: 7
Info (10041): Inferred latch for "out[6]" at mux.v(7) File: G:/CA labs/Week 12/ex_1/mux.v Line: 7
Info (10041): Inferred latch for "out[7]" at mux.v(7) File: G:/CA labs/Week 12/ex_1/mux.v Line: 7
Info (10041): Inferred latch for "out[8]" at mux.v(7) File: G:/CA labs/Week 12/ex_1/mux.v Line: 7
Info (10041): Inferred latch for "out[9]" at mux.v(7) File: G:/CA labs/Week 12/ex_1/mux.v Line: 7
Info (10041): Inferred latch for "out[10]" at mux.v(7) File: G:/CA labs/Week 12/ex_1/mux.v Line: 7
Info (10041): Inferred latch for "out[11]" at mux.v(7) File: G:/CA labs/Week 12/ex_1/mux.v Line: 7
Info (10041): Inferred latch for "out[12]" at mux.v(7) File: G:/CA labs/Week 12/ex_1/mux.v Line: 7
Info (10041): Inferred latch for "out[13]" at mux.v(7) File: G:/CA labs/Week 12/ex_1/mux.v Line: 7
Info (10041): Inferred latch for "out[14]" at mux.v(7) File: G:/CA labs/Week 12/ex_1/mux.v Line: 7
Info (10041): Inferred latch for "out[15]" at mux.v(7) File: G:/CA labs/Week 12/ex_1/mux.v Line: 7
Info (10041): Inferred latch for "out[16]" at mux.v(7) File: G:/CA labs/Week 12/ex_1/mux.v Line: 7
Info (10041): Inferred latch for "out[17]" at mux.v(7) File: G:/CA labs/Week 12/ex_1/mux.v Line: 7
Info (10041): Inferred latch for "out[18]" at mux.v(7) File: G:/CA labs/Week 12/ex_1/mux.v Line: 7
Info (10041): Inferred latch for "out[19]" at mux.v(7) File: G:/CA labs/Week 12/ex_1/mux.v Line: 7
Info (10041): Inferred latch for "out[20]" at mux.v(7) File: G:/CA labs/Week 12/ex_1/mux.v Line: 7
Info (10041): Inferred latch for "out[21]" at mux.v(7) File: G:/CA labs/Week 12/ex_1/mux.v Line: 7
Info (10041): Inferred latch for "out[22]" at mux.v(7) File: G:/CA labs/Week 12/ex_1/mux.v Line: 7
Info (10041): Inferred latch for "out[23]" at mux.v(7) File: G:/CA labs/Week 12/ex_1/mux.v Line: 7
Info (10041): Inferred latch for "out[24]" at mux.v(7) File: G:/CA labs/Week 12/ex_1/mux.v Line: 7
Info (10041): Inferred latch for "out[25]" at mux.v(7) File: G:/CA labs/Week 12/ex_1/mux.v Line: 7
Info (10041): Inferred latch for "out[26]" at mux.v(7) File: G:/CA labs/Week 12/ex_1/mux.v Line: 7
Info (10041): Inferred latch for "out[27]" at mux.v(7) File: G:/CA labs/Week 12/ex_1/mux.v Line: 7
Info (10041): Inferred latch for "out[28]" at mux.v(7) File: G:/CA labs/Week 12/ex_1/mux.v Line: 7
Info (10041): Inferred latch for "out[29]" at mux.v(7) File: G:/CA labs/Week 12/ex_1/mux.v Line: 7
Info (10041): Inferred latch for "out[30]" at mux.v(7) File: G:/CA labs/Week 12/ex_1/mux.v Line: 7
Info (10041): Inferred latch for "out[31]" at mux.v(7) File: G:/CA labs/Week 12/ex_1/mux.v Line: 7
Warning (12241): 1 hierarchies have connectivity warnings - see the Connectivity Checks report folder
Info (286030): Timing-Driven Synthesis is running
Info (16010): Generating hard_block partition "hard_block:auto_generated_inst"
    Info (16011): Adding 0 node(s), including 0 DDIO, 0 PLL, 0 transceiver and 0 LCELL
Warning (21074): Design contains 32 input pin(s) that do not drive logic
    Warning (15610): No output dependent on input pin "rs[0]" File: G:/CA labs/Week 12/ex_1/alu.v Line: 3
    Warning (15610): No output dependent on input pin "rs[1]" File: G:/CA labs/Week 12/ex_1/alu.v Line: 3
    Warning (15610): No output dependent on input pin "rs[2]" File: G:/CA labs/Week 12/ex_1/alu.v Line: 3
    Warning (15610): No output dependent on input pin "rs[3]" File: G:/CA labs/Week 12/ex_1/alu.v Line: 3
    Warning (15610): No output dependent on input pin "rs[4]" File: G:/CA labs/Week 12/ex_1/alu.v Line: 3
    Warning (15610): No output dependent on input pin "rs[5]" File: G:/CA labs/Week 12/ex_1/alu.v Line: 3
    Warning (15610): No output dependent on input pin "rs[6]" File: G:/CA labs/Week 12/ex_1/alu.v Line: 3
    Warning (15610): No output dependent on input pin "rs[7]" File: G:/CA labs/Week 12/ex_1/alu.v Line: 3
    Warning (15610): No output dependent on input pin "rs[8]" File: G:/CA labs/Week 12/ex_1/alu.v Line: 3
    Warning (15610): No output dependent on input pin "rs[9]" File: G:/CA labs/Week 12/ex_1/alu.v Line: 3
    Warning (15610): No output dependent on input pin "rs[10]" File: G:/CA labs/Week 12/ex_1/alu.v Line: 3
    Warning (15610): No output dependent on input pin "rs[11]" File: G:/CA labs/Week 12/ex_1/alu.v Line: 3
    Warning (15610): No output dependent on input pin "rs[12]" File: G:/CA labs/Week 12/ex_1/alu.v Line: 3
    Warning (15610): No output dependent on input pin "rs[13]" File: G:/CA labs/Week 12/ex_1/alu.v Line: 3
    Warning (15610): No output dependent on input pin "rs[14]" File: G:/CA labs/Week 12/ex_1/alu.v Line: 3
    Warning (15610): No output dependent on input pin "rs[15]" File: G:/CA labs/Week 12/ex_1/alu.v Line: 3
    Warning (15610): No output dependent on input pin "rs[16]" File: G:/CA labs/Week 12/ex_1/alu.v Line: 3
    Warning (15610): No output dependent on input pin "rs[17]" File: G:/CA labs/Week 12/ex_1/alu.v Line: 3
    Warning (15610): No output dependent on input pin "rs[18]" File: G:/CA labs/Week 12/ex_1/alu.v Line: 3
    Warning (15610): No output dependent on input pin "rs[19]" File: G:/CA labs/Week 12/ex_1/alu.v Line: 3
    Warning (15610): No output dependent on input pin "rs[20]" File: G:/CA labs/Week 12/ex_1/alu.v Line: 3
    Warning (15610): No output dependent on input pin "rs[21]" File: G:/CA labs/Week 12/ex_1/alu.v Line: 3
    Warning (15610): No output dependent on input pin "rs[22]" File: G:/CA labs/Week 12/ex_1/alu.v Line: 3
    Warning (15610): No output dependent on input pin "rs[23]" File: G:/CA labs/Week 12/ex_1/alu.v Line: 3
    Warning (15610): No output dependent on input pin "rs[24]" File: G:/CA labs/Week 12/ex_1/alu.v Line: 3
    Warning (15610): No output dependent on input pin "rs[25]" File: G:/CA labs/Week 12/ex_1/alu.v Line: 3
    Warning (15610): No output dependent on input pin "rs[26]" File: G:/CA labs/Week 12/ex_1/alu.v Line: 3
    Warning (15610): No output dependent on input pin "rs[27]" File: G:/CA labs/Week 12/ex_1/alu.v Line: 3
    Warning (15610): No output dependent on input pin "rs[28]" File: G:/CA labs/Week 12/ex_1/alu.v Line: 3
    Warning (15610): No output dependent on input pin "rs[29]" File: G:/CA labs/Week 12/ex_1/alu.v Line: 3
    Warning (15610): No output dependent on input pin "rs[30]" File: G:/CA labs/Week 12/ex_1/alu.v Line: 3
    Warning (15610): No output dependent on input pin "rs[31]" File: G:/CA labs/Week 12/ex_1/alu.v Line: 3
Info (21057): Implemented 296 device resources after synthesis - the final resource count might be different
    Info (21058): Implemented 74 input pins
    Info (21059): Implemented 32 output pins
    Info (21061): Implemented 190 logic cells
Info: Quartus Prime Analysis & Synthesis was successful. 0 errors, 38 warnings
    Info: Peak virtual memory: 4765 megabytes
    Info: Processing ended: Thu Nov 19 17:12:27 2020
    Info: Elapsed time: 00:00:09
    Info: Total CPU time (on all processors): 00:00:20


